<?xml version="1.0" encoding="UTF-8"?>
<testng-results skipped="0" failed="0" ignored="0" total="1" passed="1">
  <reporter-output>
  </reporter-output>
  <suite name="Default suite" duration-ms="7554" started-at="2022-11-13T23:05:26 IST" finished-at="2022-11-13T23:05:33 IST">
    <groups>
    </groups>
    <test name="Default test" duration-ms="7554" started-at="2022-11-13T23:05:26 IST" finished-at="2022-11-13T23:05:33 IST">
      <class name="com.obsqura.SeleniumTestNG.AmazonUrl">
        <test-method status="PASS" signature="initializeBrowser()[pri:0, instance:com.obsqura.SeleniumTestNG.AmazonUrl@4671e53b]" name="initializeBrowser" is-config="true" duration-ms="6765" started-at="2022-11-13T23:05:26 IST" finished-at="2022-11-13T23:05:32 IST">
          <reporter-output>
          </reporter-output>
        </test-method> <!-- initializeBrowser -->
        <test-method status="PASS" signature="verifyUrl()[pri:0, instance:com.obsqura.SeleniumTestNG.AmazonUrl@4671e53b]" name="verifyUrl" duration-ms="44" started-at="2022-11-13T23:05:32 IST" finished-at="2022-11-13T23:05:33 IST">
          <reporter-output>
          </reporter-output>
        </test-method> <!-- verifyUrl -->
        <test-method status="PASS" signature="browserQuit()[pri:0, instance:com.obsqura.SeleniumTestNG.AmazonUrl@4671e53b]" name="browserQuit" is-config="true" duration-ms="688" started-at="2022-11-13T23:05:33 IST" finished-at="2022-11-13T23:05:33 IST">
          <reporter-output>
          </reporter-output>
        </test-method> <!-- browserQuit -->
      </class> <!-- com.obsqura.SeleniumTestNG.AmazonUrl -->
    </test> <!-- Default test -->
  </suite> <!-- Default suite -->
</testng-results>
