<?xml version="1.0" encoding="UTF-8"?>
<!-- Generated by org.testng.reporters.JUnitXMLReporter -->
<testsuite hostname="DESKTOP-3G4FTH2" ignored="2" name="FireFox" tests="1" failures="0" timestamp="2023-01-12T20:48:15 IST" time="0.258" errors="0">
  <testcase name="@BeforeMethod InitializeBrowser" time="0.095" classname="com.obsqura.pages.BaseDriver">
    <failure type="java.lang.IllegalStateException" message="The driver executable must exist: C:\Users\SHIBIN\eclipse-workspace\RmartSupermarket\.\geckodriver.exe">
      <![CDATA[java.lang.IllegalStateException: The driver executable must exist: C:\Users\SHIBIN\eclipse-workspace\RmartSupermarket\.\geckodriver.exe
at org.openqa.selenium.internal.Require$FileStateChecker.isFile(Require.java:342)
at org.openqa.selenium.remote.service.DriverService.checkExecutable(DriverService.java:147)
at org.openqa.selenium.remote.service.DriverService.findExecutable(DriverService.java:142)
at org.openqa.selenium.firefox.GeckoDriverService.access$100(GeckoDriverService.java:45)
at org.openqa.selenium.firefox.GeckoDriverService$Builder.findDefaultExecutable(GeckoDriverService.java:181)
at org.openqa.selenium.remote.service.DriverService$Builder.build(DriverService.java:437)
at org.openqa.selenium.firefox.GeckoDriverService.createDefaultService(GeckoDriverService.java:94)
at org.openqa.selenium.firefox.FirefoxDriver.<init>(FirefoxDriver.java:98)
at org.openqa.selenium.firefox.FirefoxDriver.<init>(FirefoxDriver.java:94)
at com.obsqura.pages.BaseDriver.InitializeBrowser(BaseDriver.java:49)
at java.util.ArrayList.forEach(Unknown Source)
at java.util.concurrent.FutureTask.run(Unknown Source)
at java.util.concurrent.ThreadPoolExecutor.runWorker(Unknown Source)
at java.util.concurrent.ThreadPoolExecutor$Worker.run(Unknown Source)
at java.lang.Thread.run(Unknown Source)
... Removed 22 stack frames]]>
    </failure>
  </testcase> <!-- @BeforeMethod InitializeBrowser -->
  <testcase name="@AfterMethod browserQuit" time="-1.673536695747E9" classname="com.obsqura.pages.BaseDriver">
    <skipped/>
  </testcase> <!-- @AfterMethod browserQuit -->
  <testcase name="linkField" time="0.0" classname="com.obsqura.testscripts.ManageSliderTest">
    <skipped/>
  </testcase> <!-- linkField -->
  <testcase name="newSlider" time="0.0" classname="com.obsqura.testscripts.ManageSliderTest">
    <ignored/>
  </testcase> <!-- newSlider -->
  <testcase name="sliderManage" time="0.0" classname="com.obsqura.testscripts.ManageSliderTest">
    <ignored/>
  </testcase> <!-- sliderManage -->
</testsuite> <!-- FireFox -->
